
============================================================
📊 金价买入策略分析报告
============================================================
⏰ 分析时间: 2026-07-24 18:00:42
💰 当前金价: 885.32 元/克
📈 今日涨跌: +0.19%
🕐 报价时间: 2026-07-24 18:00:41
📚 历史数据: 4997 条记录
------------------------------------------------------------

📋 各策略分析结果:

  🔴 暂不建议 日跌幅策略
     └─ 今日上涨 0.19%，不建议追高

  🔴 暂不建议 分时均线策略
     └─ 价格 885.32 高于所有分时均线 (MA5(1.2h)=884.70, MA10(2.5h)=884.66, MA20(5.0h)=883.99)

  🟡 建议买入 日均线策略
     └─ 价格 885.32 低于部分日均线 (MA5d=888.10, MA10d=883.68, MA20d=891.40)

  ⚪ 观望等待 RSI策略
     └─ RSI=69.2 处于中性区域

  🟡 建议买入 回调策略
     └─ 从近7天高点 907.45 回调 2.4%

  🔴 暂不建议 布林带策略
     └─ 价格 885.32 接近上轨 885.61，可能超买（位置=91.0%）

  ⚪ 观望等待 连续下跌策略
     └─ 价格无明显连续趋势

------------------------------------------------------------
🤖 8分钟高频日内量化策略状态:
  当前仓位: ⚪ 空仓 (无持仓)
  当前指标: 价格=885.32, RSI=68.7, 布林下轨=882.32, 布林上轨=885.66, ATR=0.43
------------------------------------------------------------
📈 实际持仓成本追踪状态:
  状态: ⚪ 未配置实际成本价 (可设置代码头部全局变量 GOLD_COST 启用)

============================================================
